<?xml version="1.0" encoding="UTF-8"?>
<!-- Generated by org.testng.reporters.JUnitReportReporter -->
<testsuite hostname="LAPTOP-RECDC7GO" failures="0" tests="1" name="com.test.APITest" time="13.884" errors="0" timestamp="2022-09-25T18:49:06 CAT" skipped="0">
  <testcase classname="com.test.APITest" name="jsonIterateArr" time="13.884"/>
  <system-out/>
</testsuite> <!-- com.test.APITest -->
