<?xml version="1.0" encoding="UTF-8"?>
<!-- Generated by org.testng.reporters.JUnitReportReporter -->
<testsuite hostname="LAPTOP-RECDC7GO" failures="0" tests="1" name="NewTest" time="8.414" errors="0" timestamp="2022-09-22T08:23:10 CAT" skipped="0">
  <testcase classname="NewTest" name="jsonIterateArr" time="8.414"/>
  <system-out/>
</testsuite> <!-- NewTest -->
